<?xml version="1.0" encoding="UTF-8"?>
<!-- Generated by org.testng.reporters.JUnitReportReporter -->
<testsuite hostname="DESKTOP-BF8K1BJ" failures="0" tests="1" name="SELENIIUM_COMMANDS.ExtentReportScreenshot" time="5.814" errors="0" timestamp="2023-12-07T19:41:52 IST" skipped="0">
  <testcase classname="SELENIIUM_COMMANDS.ExtentReportScreenshot" name="screenshotTest" time="5.814"/>
</testsuite> <!-- SELENIIUM_COMMANDS.ExtentReportScreenshot -->
