<?xml version="1.0" encoding="UTF-8"?>
<!-- Generated by org.testng.reporters.JUnitReportReporter -->
<testsuite hostname="DESKTOP-BF8K1BJ" failures="0" tests="1" name="SELENIIUM_COMMANDS.ExtentReport" time="4.750" errors="0" timestamp="2023-12-07T19:33:34 IST" skipped="0">
  <testcase classname="SELENIIUM_COMMANDS.ExtentReport" name="Test" time="4.750"/>
</testsuite> <!-- SELENIIUM_COMMANDS.ExtentReport -->
